# JRE version: Java(TM) SE Runtime Environment (8.0_202-b08) (build 1.8.0_202-b08)
# Java VM: Java HotSpot(TM) 64-Bit Server VM (25.202-b08 mixed mode windows-amd64 compressed oops)
Heap:
 PSYoungGen      total 110592K, used 55336K [0x00000000d5f80000, 0x00000000dd800000, 0x0000000100000000)
  eden space 103936K, 47% used [0x00000000d5f80000,0x00000000d8f55d30,0x00000000dc500000)
  from space 6656K, 95% used [0x00000000dd180000,0x00000000dd7b44e0,0x00000000dd800000)
  to   space 9216K, 0% used [0x00000000dc600000,0x00000000dc600000,0x00000000dcf00000)
 ParOldGen       total 56320K, used 9570K [0x0000000081e00000, 0x0000000085500000, 0x00000000d5f80000)
  object space 56320K, 16% used [0x0000000081e00000,0x0000000082758b50,0x0000000085500000)
 Metaspace       used 33693K, capacity 35020K, committed 35200K, reserved 1079296K
  class space    used 4077K, capacity 4368K, committed 4480K, reserved 1048576K
GC Heap History (10 events):
Event: 3.767 GC heap before
{Heap before GC invocations=3 (full 0):
 PSYoungGen      total 38400K, used 38380K [0x00000000d5f80000, 0x00000000d8a00000, 0x0000000100000000)
  eden space 33280K, 100% used [0x00000000d5f80000,0x00000000d8000000,0x00000000d8000000)
  from space 5120K, 99% used [0x00000000d8500000,0x00000000d89fb378,0x00000000d8a00000)
  to   space 5120K, 0% used [0x00000000d8000000,0x00000000d8000000,0x00000000d8500000)
 ParOldGen       total 87552K, used 2205K [0x0000000081e00000, 0x0000000087380000, 0x00000000d5f80000)
  object space 87552K, 2% used [0x0000000081e00000,0x0000000082027748,0x0000000087380000)
 Metaspace       used 18181K, capacity 18710K, committed 18944K, reserved 1067008K
  class space    used 2055K, capacity 2195K, committed 2304K, reserved 1048576K
Event: 3.775 GC heap after
Heap after GC invocations=3 (full 0):
 PSYoungGen      total 38400K, used 5115K [0x00000000d5f80000, 0x00000000daa80000, 0x0000000100000000)
  eden space 33280K, 0% used [0x00000000d5f80000,0x00000000d5f80000,0x00000000d8000000)
  from space 5120K, 99% used [0x00000000d8000000,0x00000000d84fef18,0x00000000d8500000)
  to   space 5120K, 0% used [0x00000000da580000,0x00000000da580000,0x00000000daa80000)
 ParOldGen       total 87552K, used 4809K [0x0000000081e00000, 0x0000000087380000, 0x00000000d5f80000)
  object space 87552K, 5% used [0x0000000081e00000,0x00000000822b25a0,0x0000000087380000)
 Metaspace       used 18181K, capacity 18710K, committed 18944K, reserved 1067008K
  class space    used 2055K, capacity 2195K, committed 2304K, reserved 1048576K
}
Event: 4.087 GC heap before
{Heap before GC invocations=4 (full 0):
 PSYoungGen      total 38400K, used 31271K [0x00000000d5f80000, 0x00000000daa80000, 0x0000000100000000)
  eden space 33280K, 78% used [0x00000000d5f80000,0x00000000d790aea8,0x00000000d8000000)
  from space 5120K, 99% used [0x00000000d8000000,0x00000000d84fef18,0x00000000d8500000)
  to   space 5120K, 0% used [0x00000000da580000,0x00000000da580000,0x00000000daa80000)
 ParOldGen       total 87552K, used 4809K [0x0000000081e00000, 0x0000000087380000, 0x00000000d5f80000)
  object space 87552K, 5% used [0x0000000081e00000,0x00000000822b25a0,0x0000000087380000)
 Metaspace       used 20574K, capacity 21104K, committed 21296K, reserved 1069056K
  class space    used 2269K, capacity 2410K, committed 2432K, reserved 1048576K
Event: 4.097 GC heap after
Heap after GC invocations=4 (full 0):
 PSYoungGen      total 71680K, used 5119K [0x00000000d5f80000, 0x00000000daa80000, 0x0000000100000000)
  eden space 66560K, 0% used [0x00000000d5f80000,0x00000000d5f80000,0x00000000da080000)
  from space 5120K, 99% used [0x00000000da580000,0x00000000daa7fc60,0x00000000daa80000)
  to   space 5120K, 0% used [0x00000000da080000,0x00000000da080000,0x00000000da580000)
 ParOldGen       total 87552K, used 7132K [0x0000000081e00000, 0x0000000087380000, 0x00000000d5f80000)
  object space 87552K, 8% used [0x0000000081e00000,0x00000000824f7038,0x0000000087380000)
 Metaspace       used 20574K, capacity 21104K, committed 21296K, reserved 1069056K
  class space    used 2269K, capacity 2410K, committed 2432K, reserved 1048576K
}
Event: 4.097 GC heap before
{Heap before GC invocations=5 (full 1):
 PSYoungGen      total 71680K, used 5119K [0x00000000d5f80000, 0x00000000daa80000, 0x0000000100000000)
  eden space 66560K, 0% used [0x00000000d5f80000,0x00000000d5f80000,0x00000000da080000)
  from space 5120K, 99% used [0x00000000da580000,0x00000000daa7fc60,0x00000000daa80000)
  to   space 5120K, 0% used [0x00000000da080000,0x00000000da080000,0x00000000da580000)
 ParOldGen       total 87552K, used 7132K [0x0000000081e00000, 0x0000000087380000, 0x00000000d5f80000)
  object space 87552K, 8% used [0x0000000081e00000,0x00000000824f7038,0x0000000087380000)
 Metaspace       used 20574K, capacity 21104K, committed 21296K, reserved 1069056K
  class space    used 2269K, capacity 2410K, committed 2432K, reserved 1048576K
Event: 4.131 GC heap after
Heap after GC invocations=5 (full 1):
 PSYoungGen      total 71680K, used 0K [0x00000000d5f80000, 0x00000000daa80000, 0x0000000100000000)
  eden space 66560K, 0% used [0x00000000d5f80000,0x00000000d5f80000,0x00000000da080000)
  from space 5120K, 0% used [0x00000000da580000,0x00000000da580000,0x00000000daa80000)
  to   space 5120K, 0% used [0x00000000da080000,0x00000000da080000,0x00000000da580000)
 ParOldGen       total 56320K, used 7412K [0x0000000081e00000, 0x0000000085500000, 0x00000000d5f80000)
  object space 56320K, 13% used [0x0000000081e00000,0x000000008253d1b0,0x0000000085500000)
 Metaspace       used 20574K, capacity 21104K, committed 21296K, reserved 1069056K
  class space    used 2269K, capacity 2410K, committed 2432K, reserved 1048576K
}
Event: 5.685 GC heap before
{Heap before GC invocations=6 (full 1):
 PSYoungGen      total 71680K, used 66560K [0x00000000d5f80000, 0x00000000daa80000, 0x0000000100000000)
  eden space 66560K, 100% used [0x00000000d5f80000,0x00000000da080000,0x00000000da080000)
  from space 5120K, 0% used [0x00000000da580000,0x00000000da580000,0x00000000daa80000)
  to   space 5120K, 0% used [0x00000000da080000,0x00000000da080000,0x00000000da580000)
 ParOldGen       total 56320K, used 7412K [0x0000000081e00000, 0x0000000085500000, 0x00000000d5f80000)
  object space 56320K, 13% used [0x0000000081e00000,0x000000008253d1b0,0x0000000085500000)
 Metaspace       used 26395K, capacity 27300K, committed 27392K, reserved 1073152K
  class space    used 3101K, capacity 3316K, committed 3328K, reserved 1048576K
Event: 5.694 GC heap after
Heap after GC invocations=6 (full 1):
 PSYoungGen      total 71680K, used 5104K [0x00000000d5f80000, 0x00000000dda80000, 0x0000000100000000)
  eden space 66560K, 0% used [0x00000000d5f80000,0x00000000d5f80000,0x00000000da080000)
  from space 5120K, 99% used [0x00000000da080000,0x00000000da57c278,0x00000000da580000)
  to   space 9216K, 0% used [0x00000000dd180000,0x00000000dd180000,0x00000000dda80000)
 ParOldGen       total 56320K, used 9562K [0x0000000081e00000, 0x0000000085500000, 0x00000000d5f80000)
  object space 56320K, 16% used [0x0000000081e00000,0x0000000082756b50,0x0000000085500000)
 Metaspace       used 26395K, capacity 27300K, committed 27392K, reserved 1073152K
  class space    used 3101K, capacity 3316K, committed 3328K, reserved 1048576K
}
Event: 11.949 GC heap before
{Heap before GC invocations=7 (full 1):
 PSYoungGen      total 71680K, used 71664K [0x00000000d5f80000, 0x00000000dda80000, 0x0000000100000000)
  eden space 66560K, 100% used [0x00000000d5f80000,0x00000000da080000,0x00000000da080000)
  from space 5120K, 99% used [0x00000000da080000,0x00000000da57c278,0x00000000da580000)
  to   space 9216K, 0% used [0x00000000dd180000,0x00000000dd180000,0x00000000dda80000)
 ParOldGen       total 56320K, used 9562K [0x0000000081e00000, 0x0000000085500000, 0x00000000d5f80000)
  object space 56320K, 16% used [0x0000000081e00000,0x0000000082756b50,0x0000000085500000)
 Metaspace       used 29710K, capacity 31052K, committed 31360K, reserved 1077248K
  class space    used 3591K, capacity 3878K, committed 3968K, reserved 1048576K
Event: 11.966 GC heap after
Heap after GC invocations=7 (full 1):
 PSYoungGen      total 110592K, used 6353K [0x00000000d5f80000, 0x00000000dd800000, 0x0000000100000000)
  eden space 103936K, 0% used [0x00000000d5f80000,0x00000000d5f80000,0x00000000dc500000)
  from space 6656K, 95% used [0x00000000dd180000,0x00000000dd7b44e0,0x00000000dd800000)
  to   space 9216K, 0% used [0x00000000dc600000,0x00000000dc600000,0x00000000dcf00000)
 ParOldGen       total 56320K, used 9570K [0x0000000081e00000, 0x0000000085500000, 0x00000000d5f80000)
  object space 56320K, 16% used [0x0000000081e00000,0x0000000082758b50,0x0000000085500000)
 Metaspace       used 29710K, capacity 31052K, committed 31360K, reserved 1077248K
  class space    used 3591K, capacity 3878K, committed 3968K, reserved 1048576K
}

