# JRE version: Java(TM) SE Runtime Environment (8.0_202-b08) (build 1.8.0_202-b08)
# Java VM: Java HotSpot(TM) 64-Bit Server VM (25.202-b08 mixed mode windows-amd64 compressed oops)
Heap:
 PSYoungGen      total 92672K, used 40136K [0x00000000d5f80000, 0x00000000dee00000, 0x0000000100000000)
  eden space 82944K, 48% used [0x00000000d5f80000,0x00000000d86b21b0,0x00000000db080000)
  from space 9728K, 0% used [0x00000000db080000,0x00000000db080000,0x00000000dba00000)
  to   space 10240K, 0% used [0x00000000de400000,0x00000000de400000,0x00000000dee00000)
 ParOldGen       total 67584K, used 11487K [0x0000000081e00000, 0x0000000086000000, 0x00000000d5f80000)
  object space 67584K, 16% used [0x0000000081e00000,0x0000000082937de0,0x0000000086000000)
 Metaspace       used 35484K, capacity 36864K, committed 37120K, reserved 1081344K
  class space    used 4288K, capacity 4586K, committed 4608K, reserved 1048576K
GC Heap History (10 events):
Event: 9.604 GC heap before
{Heap before GC invocations=7 (full 1):
 PSYoungGen      total 38400K, used 36857K [0x00000000d5f80000, 0x00000000da780000, 0x0000000100000000)
  eden space 33280K, 100% used [0x00000000d5f80000,0x00000000d8000000,0x00000000d8000000)
  from space 5120K, 69% used [0x00000000d8000000,0x00000000d837e590,0x00000000d8500000)
  to   space 9728K, 0% used [0x00000000d9e00000,0x00000000d9e00000,0x00000000da780000)
 ParOldGen       total 55808K, used 7405K [0x0000000081e00000, 0x0000000085480000, 0x00000000d5f80000)
  object space 55808K, 13% used [0x0000000081e00000,0x000000008253b608,0x0000000085480000)
 Metaspace       used 26733K, capacity 27844K, committed 28032K, reserved 1073152K
  class space    used 3157K, capacity 3380K, committed 3456K, reserved 1048576K
Event: 9.611 GC heap after
Heap after GC invocations=7 (full 1):
 PSYoungGen      total 62976K, used 5063K [0x00000000d5f80000, 0x00000000da700000, 0x0000000100000000)
  eden space 53760K, 0% used [0x00000000d5f80000,0x00000000d5f80000,0x00000000d9400000)
  from space 9216K, 54% used [0x00000000d9e00000,0x00000000da2f1dc0,0x00000000da700000)
  to   space 9728K, 0% used [0x00000000d9400000,0x00000000d9400000,0x00000000d9d80000)
 ParOldGen       total 55808K, used 7413K [0x0000000081e00000, 0x0000000085480000, 0x00000000d5f80000)
  object space 55808K, 13% used [0x0000000081e00000,0x000000008253d608,0x0000000085480000)
 Metaspace       used 26733K, capacity 27844K, committed 28032K, reserved 1073152K
  class space    used 3157K, capacity 3380K, committed 3456K, reserved 1048576K
}
Event: 19.066 GC heap before
{Heap before GC invocations=8 (full 1):
 PSYoungGen      total 62976K, used 58823K [0x00000000d5f80000, 0x00000000da700000, 0x0000000100000000)
  eden space 53760K, 100% used [0x00000000d5f80000,0x00000000d9400000,0x00000000d9400000)
  from space 9216K, 54% used [0x00000000d9e00000,0x00000000da2f1dc0,0x00000000da700000)
  to   space 9728K, 0% used [0x00000000d9400000,0x00000000d9400000,0x00000000d9d80000)
 ParOldGen       total 55808K, used 7413K [0x0000000081e00000, 0x0000000085480000, 0x00000000d5f80000)
  object space 55808K, 13% used [0x0000000081e00000,0x000000008253d608,0x0000000085480000)
 Metaspace       used 29727K, capacity 31052K, committed 31360K, reserved 1077248K
  class space    used 3589K, capacity 3878K, committed 3968K, reserved 1048576K
Event: 19.077 GC heap after
Heap after GC invocations=8 (full 1):
 PSYoungGen      total 63488K, used 6402K [0x00000000d5f80000, 0x00000000dc300000, 0x0000000100000000)
  eden space 53760K, 0% used [0x00000000d5f80000,0x00000000d5f80000,0x00000000d9400000)
  from space 9728K, 65% used [0x00000000d9400000,0x00000000d9a40b38,0x00000000d9d80000)
  to   space 9216K, 0% used [0x00000000dba00000,0x00000000dba00000,0x00000000dc300000)
 ParOldGen       total 55808K, used 7421K [0x0000000081e00000, 0x0000000085480000, 0x00000000d5f80000)
  object space 55808K, 13% used [0x0000000081e00000,0x000000008253f608,0x0000000085480000)
 Metaspace       used 29727K, capacity 31052K, committed 31360K, reserved 1077248K
  class space    used 3589K, capacity 3878K, committed 3968K, reserved 1048576K
}
Event: 19.758 GC heap before
{Heap before GC invocations=9 (full 1):
 PSYoungGen      total 63488K, used 60162K [0x00000000d5f80000, 0x00000000dc300000, 0x0000000100000000)
  eden space 53760K, 100% used [0x00000000d5f80000,0x00000000d9400000,0x00000000d9400000)
  from space 9728K, 65% used [0x00000000d9400000,0x00000000d9a40b38,0x00000000d9d80000)
  to   space 9216K, 0% used [0x00000000dba00000,0x00000000dba00000,0x00000000dc300000)
 ParOldGen       total 55808K, used 7421K [0x0000000081e00000, 0x0000000085480000, 0x00000000d5f80000)
  object space 55808K, 13% used [0x0000000081e00000,0x000000008253f608,0x0000000085480000)
 Metaspace       used 33412K, capacity 34790K, committed 35072K, reserved 1079296K
  class space    used 4027K, capacity 4335K, committed 4352K, reserved 1048576K
Event: 19.769 GC heap after
Heap after GC invocations=9 (full 1):
 PSYoungGen      total 92160K, used 8167K [0x00000000d5f80000, 0x00000000dc780000, 0x0000000100000000)
  eden space 82944K, 0% used [0x00000000d5f80000,0x00000000d5f80000,0x00000000db080000)
  from space 9216K, 88% used [0x00000000dba00000,0x00000000dc1f9f98,0x00000000dc300000)
  to   space 9728K, 0% used [0x00000000db080000,0x00000000db080000,0x00000000dba00000)
 ParOldGen       total 55808K, used 7429K [0x0000000081e00000, 0x0000000085480000, 0x00000000d5f80000)
  object space 55808K, 13% used [0x0000000081e00000,0x0000000082541608,0x0000000085480000)
 Metaspace       used 33412K, capacity 34790K, committed 35072K, reserved 1079296K
  class space    used 4027K, capacity 4335K, committed 4352K, reserved 1048576K
}
Event: 19.854 GC heap before
{Heap before GC invocations=10 (full 1):
 PSYoungGen      total 92160K, used 14269K [0x00000000d5f80000, 0x00000000dc780000, 0x0000000100000000)
  eden space 82944K, 7% used [0x00000000d5f80000,0x00000000d6575728,0x00000000db080000)
  from space 9216K, 88% used [0x00000000dba00000,0x00000000dc1f9f98,0x00000000dc300000)
  to   space 9728K, 0% used [0x00000000db080000,0x00000000db080000,0x00000000dba00000)
 ParOldGen       total 55808K, used 7429K [0x0000000081e00000, 0x0000000085480000, 0x00000000d5f80000)
  object space 55808K, 13% used [0x0000000081e00000,0x0000000082541608,0x0000000085480000)
 Metaspace       used 33914K, capacity 35250K, committed 35456K, reserved 1081344K
  class space    used 4107K, capacity 4401K, committed 4480K, reserved 1048576K
Event: 19.863 GC heap after
Heap after GC invocations=10 (full 1):
 PSYoungGen      total 92672K, used 3625K [0x00000000d5f80000, 0x00000000dee00000, 0x0000000100000000)
  eden space 82944K, 0% used [0x00000000d5f80000,0x00000000d5f80000,0x00000000db080000)
  from space 9728K, 37% used [0x00000000db080000,0x00000000db40a540,0x00000000dba00000)
  to   space 10240K, 0% used [0x00000000de400000,0x00000000de400000,0x00000000dee00000)
 ParOldGen       total 55808K, used 10009K [0x0000000081e00000, 0x0000000085480000, 0x00000000d5f80000)
  object space 55808K, 17% used [0x0000000081e00000,0x00000000827c6678,0x0000000085480000)
 Metaspace       used 33914K, capacity 35250K, committed 35456K, reserved 1081344K
  class space    used 4107K, capacity 4401K, committed 4480K, reserved 1048576K
}
Event: 19.863 GC heap before
{Heap before GC invocations=11 (full 2):
 PSYoungGen      total 92672K, used 3625K [0x00000000d5f80000, 0x00000000dee00000, 0x0000000100000000)
  eden space 82944K, 0% used [0x00000000d5f80000,0x00000000d5f80000,0x00000000db080000)
  from space 9728K, 37% used [0x00000000db080000,0x00000000db40a540,0x00000000dba00000)
  to   space 10240K, 0% used [0x00000000de400000,0x00000000de400000,0x00000000dee00000)
 ParOldGen       total 55808K, used 10009K [0x0000000081e00000, 0x0000000085480000, 0x00000000d5f80000)
  object space 55808K, 17% used [0x0000000081e00000,0x00000000827c6678,0x0000000085480000)
 Metaspace       used 33914K, capacity 35250K, committed 35456K, reserved 1081344K
  class space    used 4107K, capacity 4401K, committed 4480K, reserved 1048576K
Event: 19.934 GC heap after
Heap after GC invocations=11 (full 2):
 PSYoungGen      total 92672K, used 0K [0x00000000d5f80000, 0x00000000dee00000, 0x0000000100000000)
  eden space 82944K, 0% used [0x00000000d5f80000,0x00000000d5f80000,0x00000000db080000)
  from space 9728K, 0% used [0x00000000db080000,0x00000000db080000,0x00000000dba00000)
  to   space 10240K, 0% used [0x00000000de400000,0x00000000de400000,0x00000000dee00000)
 ParOldGen       total 67584K, used 11487K [0x0000000081e00000, 0x0000000086000000, 0x00000000d5f80000)
  object space 67584K, 16% used [0x0000000081e00000,0x0000000082937de0,0x0000000086000000)
 Metaspace       used 33914K, capacity 35250K, committed 35456K, reserved 1081344K
  class space    used 4107K, capacity 4401K, committed 4480K, reserved 1048576K
}

